<?xml version="1.0" encoding="UTF-8"?>
<testsuite xmlns:xsi="http://www.w3.org/2001/XMLSchema-instance" xsi:noNamespaceSchemaLocation="https://maven.apache.org/surefire/maven-surefire-plugin/xsd/surefire-test-report.xsd" version="3.0.2" name="com.example.AppTest" time="4.266" tests="7" errors="0" skipped="0" failures="0" flakes="0">
  <properties>
[...]
</properties>
  <testcase name="aliveEndpointShouldReturnOk" classname="com.example.AppTest" time="1.477">
    <system-err><![CDATA[SLF4J: Failed to load class "org.slf4j.impl.StaticLoggerBinder".
SLF4J: Defaulting to no-operation (NOP) logger implementation
SLF4J: See http://www.slf4j.org/codes.html#StaticLoggerBinder for further details.
]]></system-err>
  </testcase>
  <testcase name="shouldMarkTaskDone" classname="com.example.AppTest" time="0.103"/>
  <testcase name="shouldCreateTask" classname="com.example.AppTest" time="0.021"/>
  <testcase name="shouldReturnTasksHtml" classname="com.example.AppTest" time="0.037"/>
  <testcase name="shouldReturnTasksJson" classname="com.example.AppTest" time="0.021"/>
  <testcase name="rootEndpointShouldReturnHtml" classname="com.example.AppTest" time="0.013"/>
  <testcase name="readyEndpointShouldReturnOk" classname="com.example.AppTest" time="0.014"/>
</testsuite>